Scanning...
Button 1, RSSI = -58 dB
Button 2, RSSI = -60 dB
[1, 1, 1, 1, 1]
1
nearest device: Button 1, RSSI = -58
Scanning...
Button 2, RSSI = -57 dB
[2, 1, 1, 1, 1]
1
nearest device: Button 1, RSSI = -57
Scanning...
Button 2, RSSI = -57 dB
Button 3, RSSI = -62 dB
Button 1, RSSI = -53 dB
[2, 1, 1, 1, 1]
1
nearest device: Button 1, RSSI = -53
Scanning...
[2, 1, 1, 1, 1]
1
no nearby device
Scanning...
Button 2, RSSI = -61 dB
Button 3, RSSI = -60 dB
Button 1, RSSI = -53 dB
[2, 1, 1, 1, 1]
1
nearest device: Button 1, RSSI = -53
Scanning...
Button 2, RSSI = -59 dB
Button 1, RSSI = -53 dB
[2, 1, 1, 1, 1]
1
nearest device: Button 1, RSSI = -53
Scanning...
Button 1, RSSI = -51 dB
[1, 1, 1, 1, 1]
1
nearest device: Button 1, RSSI = -51
Scanning...
Button 1, RSSI = -58 dB
[1, 1, 1, 1, 1]
1
nearest device: Button 1, RSSI = -58
Scanning...
Button 2, RSSI = -56 dB
Button 1, RSSI = -68 dB
[1, 1, 2, 1, 1]
1
nearest device: Button 1, RSSI = -56
Scanning...
Button 3, RSSI = -60 dB
[1, 1, 2, 3, 1]
1
nearest device: Button 1, RSSI = -60
Scanning...
Button 2, RSSI = -59 dB
Button 1, RSSI = -57 dB
[1, 1, 2, 3, 1]
1
nearest device: Button 1, RSSI = -57
Scanning...
Button 1, RSSI = -58 dB
[1, 1, 2, 3, 1]
1
nearest device: Button 1, RSSI = -58
Scanning...
Button 1, RSSI = -58 dB
[1, 1, 2, 3, 1]
1
nearest device: Button 1, RSSI = -58
Scanning...
Button 2, RSSI = -66 dB
Button 1, RSSI = -63 dB
[1, 1, 1, 3, 1]
1
nearest device: Button 1, RSSI = -63
Scanning...
Button 3, RSSI = -62 dB
Button 1, RSSI = -52 dB
[1, 1, 1, 1, 1]
1
nearest device: Button 1, RSSI = -52
Scanning...
Button 2, RSSI = -65 dB
Button 3, RSSI = -63 dB
[1, 1, 1, 1, 3]
1
nearest device: Button 1, RSSI = -63
Scanning...
Button 1, RSSI = -54 dB
Button 2, RSSI = -68 dB
[1, 1, 1, 1, 3]
1
nearest device: Button 1, RSSI = -54
Scanning...
Button 1, RSSI = -47 dB
[1, 1, 1, 1, 3]
1
nearest device: Button 1, RSSI = -47
Scanning...
Button 2, RSSI = -63 dB
Button 1, RSSI = -50 dB
[1, 1, 1, 1, 3]
1
nearest device: Button 1, RSSI = -50
Scanning...
Button 2, RSSI = -57 dB
Button 1, RSSI = -58 dB
[1, 1, 1, 2, 3]
1
nearest device: Button 1, RSSI = -57
Scanning...
Button 3, RSSI = -64 dB
Button 1, RSSI = -52 dB
Button 2, RSSI = -63 dB
[1, 1, 1, 2, 1]
1
nearest device: Button 1, RSSI = -52
Scanning...
Button 2, RSSI = -64 dB
Button 1, RSSI = -44 dB
[1, 1, 1, 2, 1]
1
nearest device: Button 1, RSSI = -44
Scanning...
[1, 1, 1, 2, 1]
1
no nearby device
Scanning...
Button 2, RSSI = -61 dB
Button 1, RSSI = -72 dB
[1, 1, 2, 2, 1]
1
nearest device: Button 1, RSSI = -61
Scanning...
Button 3, RSSI = -66 dB
Button 1, RSSI = -53 dB
[1, 1, 2, 1, 1]
1
nearest device: Button 1, RSSI = -53
Scanning...
Button 1, RSSI = -53 dB
Button 2, RSSI = -45 dB
[1, 1, 2, 1, 2]
1
nearest device: Button 1, RSSI = -45
Scanning...
Button 1, RSSI = -63 dB
Button 3, RSSI = -59 dB
[3, 1, 2, 1, 2]
1
nearest device: Button 1, RSSI = -59
Scanning...
Button 2, RSSI = -67 dB
[3, 2, 2, 1, 2]
2
nearest device: Button 2, RSSI = -67
Scanning...
Button 2, RSSI = -43 dB
Button 3, RSSI = -54 dB
[3, 2, 2, 1, 2]
2
nearest device: Button 2, RSSI = -43
Scanning...
Button 3, RSSI = -52 dB
[3, 2, 2, 3, 2]
2
nearest device: Button 2, RSSI = -52
Scanning...
Button 1, RSSI = -54 dB
Button 2, RSSI = -51 dB
Button 3, RSSI = -61 dB
[3, 2, 2, 3, 2]
2
nearest device: Button 2, RSSI = -51
Scanning...
Button 1, RSSI = -50 dB
Button 2, RSSI = -41 dB
[2, 2, 2, 3, 2]
2
nearest device: Button 2, RSSI = -41
Scanning...
Button 2, RSSI = -39 dB
[2, 2, 2, 3, 2]
2
nearest device: Button 2, RSSI = -39
Scanning...
Button 1, RSSI = -55 dB
[2, 2, 1, 3, 2]
2
nearest device: Button 2, RSSI = -55
Scanning...
Button 1, RSSI = -47 dB
[2, 2, 1, 1, 2]
2
nearest device: Button 2, RSSI = -47
Scanning...
Button 1, RSSI = -57 dB
Button 3, RSSI = -62 dB
[2, 2, 1, 1, 1]
1
nearest device: Button 1, RSSI = -57
Scanning...
Button 1, RSSI = -49 dB
[1, 2, 1, 1, 1]
1
nearest device: Button 1, RSSI = -49
Scanning...
Button 3, RSSI = -76 dB
[1, 3, 1, 1, 1]
1
nearest device: Button 1, RSSI = -76
Scanning...
Button 2, RSSI = -56 dB
[1, 3, 2, 1, 1]
1
nearest device: Button 1, RSSI = -56
Scanning...
Button 1, RSSI = -49 dB
[1, 3, 2, 1, 1]
1
nearest device: Button 1, RSSI = -49
Scanning...
Button 1, RSSI = -48 dB
[1, 3, 2, 1, 1]
1
nearest device: Button 1, RSSI = -48
Scanning...
Button 1, RSSI = -61 dB
Button 2, RSSI = -56 dB
[2, 3, 2, 1, 1]
2
nearest device: Button 2, RSSI = -56
Scanning...
Button 1, RSSI = -58 dB
Button 2, RSSI = -68 dB
[2, 1, 2, 1, 1]
1
nearest device: Button 1, RSSI = -58
Scanning...
Button 2, RSSI = -62 dB
Button 3, RSSI = -60 dB
Button 1, RSSI = -51 dB
[2, 1, 1, 1, 1]
1
nearest device: Button 1, RSSI = -51
Scanning...
Button 2, RSSI = -61 dB
[2, 1, 1, 2, 1]
1
nearest device: Button 1, RSSI = -61
Scanning...
Button 1, RSSI = -48 dB
[2, 1, 1, 2, 1]
1
nearest device: Button 1, RSSI = -48
Scanning...
Button 1, RSSI = -50 dB
Button 2, RSSI = -65 dB
[1, 1, 1, 2, 1]
1
nearest device: Button 1, RSSI = -50
Scanning...
Button 2, RSSI = -62 dB
[1, 2, 1, 2, 1]
1
nearest device: Button 1, RSSI = -62
Scanning...
Button 2, RSSI = -58 dB
Button 3, RSSI = -72 dB
Button 1, RSSI = -49 dB
[1, 2, 1, 2, 1]
1
nearest device: Button 1, RSSI = -49
Scanning...
Button 2, RSSI = -56 dB
Button 1, RSSI = -49 dB
[1, 2, 1, 1, 1]
1
nearest device: Button 1, RSSI = -49
Scanning...
Button 1, RSSI = -71 dB
Button 3, RSSI = -74 dB
Button 2, RSSI = -67 dB
[1, 2, 1, 1, 2]
1
nearest device: Button 1, RSSI = -67
Scanning...
[1, 2, 1, 1, 2]
1
no nearby device
Scanning...
Button 2, RSSI = -57 dB
Button 3, RSSI = -68 dB
[1, 2, 1, 1, 2]
1
nearest device: Button 1, RSSI = -57
Scanning...
Button 2, RSSI = -68 dB
Button 3, RSSI = -71 dB
Button 1, RSSI = -45 dB
[1, 2, 1, 1, 2]
1
nearest device: Button 1, RSSI = -45
Scanning...
Button 1, RSSI = -43 dB
[1, 2, 1, 1, 2]
1
nearest device: Button 1, RSSI = -43
Scanning...
Button 1, RSSI = -34 dB
Button 2, RSSI = -48 dB
Button 3, RSSI = -59 dB
[1, 2, 1, 1, 1]
1
nearest device: Button 1, RSSI = -34
Scanning...
Button 1, RSSI = -64 dB
Button 2, RSSI = -49 dB
[2, 2, 1, 1, 1]
1
nearest device: Button 1, RSSI = -49
Scanning...
Button 3, RSSI = -50 dB
Button 2, RSSI = -36 dB
[2, 2, 1, 1, 1]
1
nearest device: Button 1, RSSI = -36
Scanning...
Button 2, RSSI = -35 dB
Button 1, RSSI = -61 dB
[2, 2, 2, 1, 1]
2
nearest device: Button 2, RSSI = -35
Scanning...
Button 2, RSSI = -30 dB
Button 1, RSSI = -59 dB
[2, 2, 2, 2, 1]
2
nearest device: Button 2, RSSI = -30
Scanning...
Button 1, RSSI = -62 dB
Button 2, RSSI = -38 dB
[2, 2, 2, 2, 2]
2
nearest device: Button 2, RSSI = -38
Scanning...
Button 3, RSSI = -62 dB
Button 1, RSSI = -55 dB
[1, 2, 2, 2, 2]
2
nearest device: Button 2, RSSI = -55
Scanning...
Button 2, RSSI = -33 dB
[1, 2, 2, 2, 2]
2
nearest device: Button 2, RSSI = -33
Scanning...
Button 2, RSSI = -37 dB
[1, 2, 2, 2, 2]
2
nearest device: Button 2, RSSI = -37
Scanning...
Button 1, RSSI = -54 dB
Button 2, RSSI = -36 dB
Button 3, RSSI = -56 dB
[1, 2, 2, 2, 2]
2
nearest device: Button 2, RSSI = -36
Scanning...
Button 1, RSSI = -56 dB
[1, 2, 2, 2, 1]
2
nearest device: Button 2, RSSI = -56
Scanning...
Button 3, RSSI = -57 dB
Button 2, RSSI = -31 dB
Button 1, RSSI = -52 dB
[2, 2, 2, 2, 1]
2
nearest device: Button 2, RSSI = -31
Scanning...
Button 2, RSSI = -41 dB
Button 1, RSSI = -56 dB
[2, 2, 2, 2, 1]
2
nearest device: Button 2, RSSI = -41
Scanning...
Button 3, RSSI = -52 dB
[2, 2, 3, 2, 1]
2
nearest device: Button 2, RSSI = -52
Scanning...
Button 2, RSSI = -31 dB
Button 1, RSSI = -54 dB
[2, 2, 3, 2, 1]
2
nearest device: Button 2, RSSI = -31
Scanning...
Button 1, RSSI = -59 dB
[2, 2, 3, 2, 1]
2
nearest device: Button 2, RSSI = -59
Scanning...
[1, 2, 3, 2, 1]
1
no nearby device
Scanning...
Button 2, RSSI = -69 dB
Button 3, RSSI = -58 dB
Button 1, RSSI = -51 dB
[1, 1, 3, 2, 1]
1
nearest device: Button 1, RSSI = -51
Scanning...
Button 3, RSSI = -83 dB
[1, 1, 3, 2, 1]
1
nearest device: Button 1, RSSI = -83
Scanning...
Button 1, RSSI = -54 dB
[1, 1, 3, 1, 1]
1
nearest device: Button 1, RSSI = -54
Scanning...
Button 1, RSSI = -45 dB
Button 2, RSSI = -47 dB
[1, 1, 3, 1, 1]
1
nearest device: Button 1, RSSI = -45
Scanning...
[1, 1, 3, 1, 1]
1
no nearby device
Scanning...
Button 2, RSSI = -41 dB
Button 3, RSSI = -62 dB
[1, 2, 3, 1, 1]
1
nearest device: Button 1, RSSI = -41
Scanning...
Button 1, RSSI = -48 dB
Button 2, RSSI = -41 dB
Button 3, RSSI = -55 dB
[1, 2, 2, 1, 1]
1
nearest device: Button 1, RSSI = -41
Scanning...
Button 3, RSSI = -59 dB
[1, 2, 2, 3, 1]
1
nearest device: Button 1, RSSI = -59
Scanning...
Button 2, RSSI = -42 dB
Button 3, RSSI = -55 dB
Button 1, RSSI = -59 dB
[1, 2, 2, 3, 2]
2
nearest device: Button 2, RSSI = -42
Scanning...
Button 3, RSSI = -54 dB
Button 2, RSSI = -49 dB
[2, 2, 2, 3, 2]
2
nearest device: Button 2, RSSI = -49
Scanning...
Button 2, RSSI = -44 dB
Button 3, RSSI = -69 dB
[2, 2, 2, 3, 2]
2
nearest device: Button 2, RSSI = -44
Scanning...
[2, 2, 1, 3, 2]
2
no nearby device
Scanning...
Button 1, RSSI = -53 dB
[2, 2, 1, 1, 2]
2
nearest device: Button 2, RSSI = -53
Scanning...
Button 1, RSSI = -52 dB
[2, 2, 1, 1, 1]
1
nearest device: Button 1, RSSI = -52
Scanning...
Button 1, RSSI = -55 dB
Button 2, RSSI = -60 dB
Button 3, RSSI = -60 dB
[1, 2, 1, 1, 1]
1
nearest device: Button 1, RSSI = -55
Scanning...
Button 1, RSSI = -53 dB
[1, 1, 1, 1, 1]
1
nearest device: Button 1, RSSI = -53
Scanning...
Button 1, RSSI = -54 dB
[1, 1, 1, 1, 1]
1
nearest device: Button 1, RSSI = -54
Scanning...
Button 2, RSSI = -59 dB
[1, 1, 1, 2, 1]
1
nearest device: Button 1, RSSI = -59
Scanning...
Button 2, RSSI = -59 dB
Button 1, RSSI = -50 dB
[1, 1, 1, 2, 1]
1
nearest device: Button 1, RSSI = -50
Scanning...
[1, 1, 1, 2, 1]
1
no nearby device
Scanning...
Button 2, RSSI = -62 dB
Button 1, RSSI = -54 dB
[1, 1, 1, 2, 1]
1
nearest device: Button 1, RSSI = -54
Scanning...
Button 3, RSSI = -84 dB
Button 1, RSSI = -52 dB
[1, 1, 1, 2, 1]
1
nearest device: Button 1, RSSI = -52
Scanning...
Button 1, RSSI = -52 dB
Button 3, RSSI = -74 dB
[1, 1, 1, 1, 1]
1
nearest device: Button 1, RSSI = -52
Scanning...
Button 3, RSSI = -79 dB
Button 1, RSSI = -50 dB
[1, 1, 1, 1, 1]
1
nearest device: Button 1, RSSI = -50
Scanning...
Button 2, RSSI = -60 dB
Button 1, RSSI = -51 dB
[1, 1, 1, 1, 1]
1
nearest device: Button 1, RSSI = -51
Scanning...
Button 2, RSSI = -67 dB
Button 3, RSSI = -70 dB
Button 1, RSSI = -49 dB
[1, 1, 1, 1, 1]
1
nearest device: Button 1, RSSI = -49
Scanning...
Button 1, RSSI = -50 dB
Button 2, RSSI = -60 dB
Button 3, RSSI = -61 dB
[1, 1, 1, 1, 1]
1
nearest device: Button 1, RSSI = -50
Scanning...
Button 1, RSSI = -56 dB
[1, 1, 1, 1, 1]
1
nearest device: Button 1, RSSI = -56
Scanning...
Button 2, RSSI = -58 dB
Button 3, RSSI = -59 dB
Button 1, RSSI = -53 dB
[1, 1, 1, 1, 1]
1
nearest device: Button 1, RSSI = -53
Scanning...
[1, 1, 1, 1, 1]
1
no nearby device
Scanning...
Button 2, RSSI = -62 dB
Button 1, RSSI = -47 dB
[1, 1, 1, 1, 1]
1
nearest device: Button 1, RSSI = -47
Scanning...
[1, 1, 1, 1, 1]
1
no nearby device
Scanning...
Button 2, RSSI = -61 dB
Button 3, RSSI = -60 dB
Button 1, RSSI = -48 dB
[1, 1, 1, 1, 1]
1
nearest device: Button 1, RSSI = -48
Scanning...
Button 3, RSSI = -60 dB
Button 1, RSSI = -46 dB
[1, 1, 1, 1, 1]
1
nearest device: Button 1, RSSI = -46
Scanning...
Button 2, RSSI = -69 dB
Button 3, RSSI = -68 dB
[3, 1, 1, 1, 1]
1
nearest device: Button 1, RSSI = -68
Scanning...
Button 2, RSSI = -73 dB
Button 1, RSSI = -53 dB
[3, 1, 1, 1, 1]
1
nearest device: Button 1, RSSI = -53
Scanning...
Button 3, RSSI = -61 dB
[3, 1, 3, 1, 1]
1
nearest device: Button 1, RSSI = -61
Scanning...
Button 2, RSSI = -59 dB
Button 3, RSSI = -61 dB
Button 1, RSSI = -50 dB
[3, 1, 3, 1, 1]
1
nearest device: Button 1, RSSI = -50
Scanning...
Button 1, RSSI = -49 dB
[3, 1, 3, 1, 1]
1
nearest device: Button 1, RSSI = -49
Scanning...
Button 2, RSSI = -58 dB
Button 3, RSSI = -71 dB
Button 1, RSSI = -53 dB
[1, 1, 3, 1, 1]
1
nearest device: Button 1, RSSI = -53
Scanning...
Button 2, RSSI = -56 dB
Button 1, RSSI = -51 dB
[1, 1, 3, 1, 1]
1
nearest device: Button 1, RSSI = -51
Scanning...
Button 2, RSSI = -57 dB
[1, 1, 2, 1, 1]
1
nearest device: Button 1, RSSI = -57
Scanning...
Button 1, RSSI = -56 dB
Button 2, RSSI = -43 dB
[1, 1, 2, 2, 1]
1
nearest device: Button 1, RSSI = -43
Scanning...
Button 1, RSSI = -51 dB
Button 3, RSSI = -57 dB
[1, 1, 2, 2, 1]
1
nearest device: Button 1, RSSI = -51
Scanning...
Button 3, RSSI = -52 dB
Button 1, RSSI = -60 dB
[3, 1, 2, 2, 1]
1
nearest device: Button 1, RSSI = -52
Scanning...
Button 2, RSSI = -52 dB
Button 3, RSSI = -34 dB
[3, 3, 2, 2, 1]
3
nearest device: Button 3, RSSI = -34
Scanning...
Button 1, RSSI = -59 dB
Button 2, RSSI = -56 dB
[3, 3, 2, 2, 1]
3
nearest device: Button 3, RSSI = -56
Scanning...
Button 1, RSSI = -62 dB
[3, 3, 2, 1, 1]
3
nearest device: Button 3, RSSI = -62
Scanning...
Button 2, RSSI = -64 dB
[3, 3, 2, 1, 2]
3
nearest device: Button 3, RSSI = -64
Scanning...
Button 1, RSSI = -59 dB
Button 2, RSSI = -66 dB
[1, 3, 2, 1, 2]
1
nearest device: Button 1, RSSI = -59
Scanning...
Button 3, RSSI = -31 dB
[1, 3, 2, 1, 2]
1
nearest device: Button 1, RSSI = -31
Scanning...
Button 3, RSSI = -49 dB
[1, 3, 3, 1, 2]
1
nearest device: Button 1, RSSI = -49
Scanning...
Button 1, RSSI = -67 dB
Button 3, RSSI = -75 dB
[1, 3, 3, 1, 2]
1
nearest device: Button 1, RSSI = -67
Scanning...
Button 3, RSSI = -70 dB
Button 1, RSSI = -46 dB
[1, 3, 3, 1, 1]
1
nearest device: Button 1, RSSI = -46
Scanning...
Button 2, RSSI = -61 dB
Button 1, RSSI = -49 dB
[1, 3, 3, 1, 1]
1
nearest device: Button 1, RSSI = -49
Scanning...
Button 2, RSSI = -68 dB
[1, 2, 3, 1, 1]
1
nearest device: Button 1, RSSI = -68
Scanning...
Button 1, RSSI = -48 dB
[1, 2, 1, 1, 1]
1
nearest device: Button 1, RSSI = -48
Scanning...
Button 1, RSSI = -47 dB
[1, 2, 1, 1, 1]
1
nearest device: Button 1, RSSI = -47
Scanning...
Button 2, RSSI = -58 dB
Button 3, RSSI = -59 dB
Button 1, RSSI = -62 dB
[1, 2, 1, 1, 2]
1
nearest device: Button 1, RSSI = -58
Scanning...
[1, 2, 1, 1, 2]
1
no nearby device
Scanning...
Button 2, RSSI = -49 dB
Button 3, RSSI = -56 dB
Button 1, RSSI = -43 dB
[1, 1, 1, 1, 2]
1
nearest device: Button 1, RSSI = -43
Scanning...
Button 1, RSSI = -72 dB
Button 2, RSSI = -46 dB
Button 3, RSSI = -59 dB
[1, 1, 2, 1, 2]
1
nearest device: Button 1, RSSI = -46
Scanning...
Button 1, RSSI = -56 dB
Button 2, RSSI = -34 dB
[1, 1, 2, 2, 2]
2
nearest device: Button 2, RSSI = -34
Scanning...
Button 3, RSSI = -51 dB
Button 1, RSSI = -51 dB
Button 2, RSSI = -54 dB
[1, 1, 2, 2, 1]
1
nearest device: Button 1, RSSI = -51
Scanning...
Button 2, RSSI = -47 dB
Button 1, RSSI = -63 dB
[2, 1, 2, 2, 1]
2
nearest device: Button 2, RSSI = -47
Scanning...
Button 3, RSSI = -58 dB
Button 1, RSSI = -63 dB
[2, 3, 2, 2, 1]
2
nearest device: Button 2, RSSI = -58
Scanning...
Button 1, RSSI = -71 dB
Button 2, RSSI = -69 dB
Button 3, RSSI = -52 dB
[2, 3, 3, 2, 1]
2
nearest device: Button 2, RSSI = -52
Scanning...
Button 2, RSSI = -51 dB
Button 1, RSSI = -74 dB
Button 3, RSSI = -43 dB
[2, 3, 3, 3, 1]
3
nearest device: Button 3, RSSI = -43
Scanning...
Button 3, RSSI = -47 dB
Button 1, RSSI = -66 dB
[2, 3, 3, 3, 3]
3
nearest device: Button 3, RSSI = -47
Scanning...
Button 2, RSSI = -54 dB
[2, 3, 3, 3, 3]
3
nearest device: Button 3, RSSI = -54
Scanning...
Button 1, RSSI = -59 dB
Button 2, RSSI = -54 dB
[2, 2, 3, 3, 3]
3
nearest device: Button 3, RSSI = -54
Scanning...
Button 1, RSSI = -80 dB
Button 3, RSSI = -47 dB
[2, 2, 3, 3, 3]
3
nearest device: Button 3, RSSI = -47
Scanning...
Button 2, RSSI = -70 dB
Button 3, RSSI = -46 dB
Button 1, RSSI = -71 dB
[2, 2, 3, 3, 3]
3
nearest device: Button 3, RSSI = -46
Scanning...
Button 1, RSSI = -86 dB
Button 2, RSSI = -45 dB
[2, 2, 3, 3, 2]
2
nearest device: Button 2, RSSI = -45
Scanning...
Button 2, RSSI = -46 dB
Button 3, RSSI = -28 dB
[3, 2, 3, 3, 2]
3
nearest device: Button 3, RSSI = -28
Scanning...
Button 1, RSSI = -67 dB
Button 2, RSSI = -46 dB
[3, 2, 3, 3, 2]
3
nearest device: Button 3, RSSI = -46
Scanning...
Button 1, RSSI = -59 dB
Button 3, RSSI = -32 dB
[3, 2, 3, 3, 2]
3
nearest device: Button 3, RSSI = -32
Scanning...
Button 3, RSSI = -37 dB
Button 1, RSSI = -57 dB
[3, 2, 3, 3, 2]
3
nearest device: Button 3, RSSI = -37
Scanning...
Button 3, RSSI = -54 dB
[3, 2, 3, 3, 3]
3
nearest device: Button 3, RSSI = -54
Scanning...
Button 2, RSSI = -61 dB
[2, 2, 3, 3, 3]
3
nearest device: Button 3, RSSI = -61
Scanning...
Button 1, RSSI = -64 dB
Button 2, RSSI = -70 dB
Button 3, RSSI = -54 dB
[2, 3, 3, 3, 3]
3
nearest device: Button 3, RSSI = -54
Scanning...
Button 1, RSSI = -57 dB
Button 2, RSSI = -60 dB
Button 3, RSSI = -53 dB
[2, 3, 3, 3, 3]
3
nearest device: Button 3, RSSI = -53
Scanning...
Button 2, RSSI = -47 dB
Button 1, RSSI = -56 dB
Button 3, RSSI = -62 dB
[2, 3, 3, 2, 3]
3
nearest device: Button 3, RSSI = -47
Scanning...
Button 1, RSSI = -59 dB
Button 2, RSSI = -46 dB
[2, 3, 3, 2, 2]
2
nearest device: Button 2, RSSI = -46
Scanning...
Button 2, RSSI = -58 dB
Button 3, RSSI = -52 dB
[3, 3, 3, 2, 2]
3
nearest device: Button 3, RSSI = -52
Scanning...
Button 3, RSSI = -57 dB
Button 2, RSSI = -52 dB
Button 1, RSSI = -49 dB
[3, 1, 3, 2, 2]
3
nearest device: Button 3, RSSI = -49
Scanning...
Button 1, RSSI = -50 dB
[3, 1, 1, 2, 2]
1
nearest device: Button 1, RSSI = -50
Scanning...
Button 2, RSSI = -62 dB
Button 3, RSSI = -68 dB
Button 1, RSSI = -46 dB
[3, 1, 1, 1, 2]
1
nearest device: Button 1, RSSI = -46
Scanning...
Button 2, RSSI = -72 dB
Button 3, RSSI = -68 dB
Button 1, RSSI = -77 dB
[3, 1, 1, 1, 3]
1
nearest device: Button 1, RSSI = -68
Scanning...
Button 2, RSSI = -68 dB
Button 3, RSSI = -56 dB
[3, 1, 1, 1, 3]
1
nearest device: Button 1, RSSI = -56
Scanning...
Button 1, RSSI = -38 dB
Button 2, RSSI = -73 dB
Button 3, RSSI = -79 dB
[3, 1, 1, 1, 3]
1
nearest device: Button 1, RSSI = -38
Scanning...
Button 1, RSSI = -42 dB
[3, 1, 1, 1, 3]
1
nearest device: Button 1, RSSI = -42
Scanning...
Button 2, RSSI = -46 dB
Button 3, RSSI = -67 dB
Button 1, RSSI = -57 dB
[3, 1, 1, 2, 3]
3
nearest device: Button 3, RSSI = -46
Scanning...
Button 3, RSSI = -57 dB
Button 1, RSSI = -56 dB
[3, 1, 1, 2, 1]
1
nearest device: Button 1, RSSI = -56
Scanning...
Button 2, RSSI = -56 dB
Button 3, RSSI = -59 dB
[2, 1, 1, 2, 1]
1
nearest device: Button 1, RSSI = -56
Scanning...
Button 2, RSSI = -35 dB
Button 1, RSSI = -54 dB
[2, 2, 1, 2, 1]
2
nearest device: Button 2, RSSI = -35
Scanning...
Button 2, RSSI = -43 dB
Button 3, RSSI = -55 dB
[2, 2, 2, 2, 1]
2
nearest device: Button 2, RSSI = -43
Scanning...
Button 2, RSSI = -49 dB
Button 1, RSSI = -59 dB
Button 3, RSSI = -57 dB
[2, 2, 2, 2, 1]
2
nearest device: Button 2, RSSI = -49
Scanning...
Button 2, RSSI = -40 dB
Button 3, RSSI = -56 dB
[2, 2, 2, 2, 2]
2
nearest device: Button 2, RSSI = -40
Scanning...
Button 2, RSSI = -41 dB
Button 3, RSSI = -58 dB
Button 1, RSSI = -56 dB
[2, 2, 2, 2, 2]
2
nearest device: Button 2, RSSI = -41
Scanning...
Button 1, RSSI = -49 dB
[2, 1, 2, 2, 2]
2
nearest device: Button 2, RSSI = -49
Scanning...
Button 2, RSSI = -44 dB
Button 3, RSSI = -61 dB
[2, 1, 2, 2, 2]
2
nearest device: Button 2, RSSI = -44
Scanning...
Button 2, RSSI = -39 dB
Button 1, RSSI = -57 dB
[2, 1, 2, 2, 2]
2
nearest device: Button 2, RSSI = -39
Scanning...
Button 1, RSSI = -54 dB
[2, 1, 2, 2, 1]
2
nearest device: Button 2, RSSI = -54
Scanning...
Button 1, RSSI = -56 dB
Button 2, RSSI = -40 dB
Button 3, RSSI = -56 dB
[2, 1, 2, 2, 1]
2
nearest device: Button 2, RSSI = -40
Scanning...
Button 1, RSSI = -70 dB
Button 2, RSSI = -33 dB
[2, 2, 2, 2, 1]
2
nearest device: Button 2, RSSI = -33
Scanning...
Button 2, RSSI = -35 dB
Button 3, RSSI = -58 dB
Button 1, RSSI = -56 dB
[2, 2, 2, 2, 1]
2
nearest device: Button 2, RSSI = -35
Scanning...
Button 2, RSSI = -47 dB
Button 3, RSSI = -60 dB
Button 1, RSSI = -60 dB
[2, 2, 2, 2, 1]
2
nearest device: Button 2, RSSI = -47
Scanning...
Button 3, RSSI = -55 dB
Button 1, RSSI = -52 dB
[2, 2, 2, 2, 1]
2
nearest device: Button 2, RSSI = -52
Scanning...
Button 1, RSSI = -43 dB
Button 2, RSSI = -63 dB
[1, 2, 2, 2, 1]
2
nearest device: Button 2, RSSI = -43
Scanning...
Button 1, RSSI = -41 dB
Button 2, RSSI = -52 dB
[1, 1, 2, 2, 1]
1
nearest device: Button 1, RSSI = -41
Scanning...
Button 3, RSSI = -55 dB
Button 2, RSSI = -48 dB
[1, 1, 2, 2, 1]
1
nearest device: Button 1, RSSI = -48
Scanning...
Button 3, RSSI = -53 dB
Button 1, RSSI = -45 dB
[1, 1, 2, 1, 1]
1
nearest device: Button 1, RSSI = -45
Scanning...
Button 3, RSSI = -58 dB
Button 2, RSSI = -54 dB
[1, 1, 2, 1, 2]
1
nearest device: Button 1, RSSI = -54
Scanning...
Button 1, RSSI = -60 dB
Button 2, RSSI = -54 dB
Button 3, RSSI = -69 dB
[2, 1, 2, 1, 2]
2
nearest device: Button 2, RSSI = -54
Scanning...
Button 2, RSSI = -45 dB
Button 1, RSSI = -60 dB
[2, 2, 2, 1, 2]
2
nearest device: Button 2, RSSI = -45
Scanning...
Button 2, RSSI = -53 dB
Button 1, RSSI = -55 dB
[2, 2, 2, 1, 2]
2
nearest device: Button 2, RSSI = -53
Scanning...
Button 2, RSSI = -61 dB
[2, 2, 2, 2, 2]
2
nearest device: Button 2, RSSI = -61
Scanning...
Button 2, RSSI = -50 dB
Button 1, RSSI = -64 dB
[2, 2, 2, 2, 2]
2
nearest device: Button 2, RSSI = -50
Scanning...
Button 1, RSSI = -91 dB
Button 3, RSSI = -47 dB
[3, 2, 2, 2, 2]
2
nearest device: Button 2, RSSI = -47
Scanning...
Button 1, RSSI = -68 dB
[3, 1, 2, 2, 2]
2
nearest device: Button 2, RSSI = -68
Scanning...
Button 1, RSSI = -60 dB
Button 2, RSSI = -72 dB
[3, 1, 1, 2, 2]
1
nearest device: Button 1, RSSI = -60
Scanning...
Button 2, RSSI = -63 dB
Button 3, RSSI = -46 dB
Button 1, RSSI = -67 dB
[3, 1, 1, 3, 2]
3
nearest device: Button 3, RSSI = -46
Scanning...
Button 1, RSSI = -59 dB
Button 2, RSSI = -49 dB
[3, 1, 1, 3, 2]
3
nearest device: Button 3, RSSI = -49
Scanning...
Button 1, RSSI = -59 dB
Button 2, RSSI = -63 dB
Button 3, RSSI = -46 dB
[3, 1, 1, 3, 2]
3
nearest device: Button 3, RSSI = -46
Scanning...
Button 2, RSSI = -45 dB
Button 3, RSSI = -49 dB
Button 1, RSSI = -50 dB
[3, 2, 1, 3, 2]
3
nearest device: Button 3, RSSI = -45
Scanning...
Button 2, RSSI = -48 dB
Button 3, RSSI = -55 dB
Button 1, RSSI = -68 dB
[3, 2, 2, 3, 2]
2
nearest device: Button 2, RSSI = -48
Scanning...
Button 2, RSSI = -49 dB
Button 3, RSSI = -57 dB
Button 1, RSSI = -70 dB
[3, 2, 2, 2, 2]
2
nearest device: Button 2, RSSI = -49
Scanning...
Button 1, RSSI = -61 dB
Button 2, RSSI = -50 dB
Button 3, RSSI = -72 dB
[3, 2, 2, 2, 2]
2
nearest device: Button 2, RSSI = -50
Scanning...
Button 2, RSSI = -49 dB
[2, 2, 2, 2, 2]
2
nearest device: Button 2, RSSI = -49
Scanning...
Button 2, RSSI = -52 dB
Button 1, RSSI = -54 dB
[2, 2, 2, 2, 2]
2
nearest device: Button 2, RSSI = -52
Scanning...
Button 2, RSSI = -48 dB
[2, 2, 2, 2, 2]
2
nearest device: Button 2, RSSI = -48
Scanning...
Button 2, RSSI = -48 dB
Button 1, RSSI = -61 dB
[2, 2, 2, 2, 2]
2
nearest device: Button 2, RSSI = -48
Scanning...
Button 2, RSSI = -53 dB
[2, 2, 2, 2, 2]
2
nearest device: Button 2, RSSI = -53
Scanning...
Button 2, RSSI = -74 dB
Button 3, RSSI = -62 dB
[3, 2, 2, 2, 2]
2
nearest device: Button 2, RSSI = -62
Scanning...
Button 2, RSSI = -70 dB
Button 3, RSSI = -68 dB
Button 1, RSSI = -58 dB
[3, 1, 2, 2, 2]
2
nearest device: Button 2, RSSI = -58
Scanning...
Button 2, RSSI = -47 dB
Button 3, RSSI = -67 dB
[3, 1, 2, 2, 2]
2
nearest device: Button 2, RSSI = -47
Scanning...
Button 3, RSSI = -77 dB
Button 1, RSSI = -54 dB
[3, 1, 2, 1, 2]
1
nearest device: Button 1, RSSI = -54
Scanning...
Button 1, RSSI = -50 dB
Button 2, RSSI = -50 dB
[3, 1, 2, 1, 1]
1
nearest device: Button 1, RSSI = -50
Scanning...
Button 1, RSSI = -35 dB
Button 2, RSSI = -65 dB
[1, 1, 2, 1, 1]
1
nearest device: Button 1, RSSI = -35
Scanning...
Button 2, RSSI = -52 dB
Button 1, RSSI = -47 dB
[1, 1, 2, 1, 1]
1
nearest device: Button 1, RSSI = -47
Scanning...
Button 2, RSSI = -64 dB
Button 1, RSSI = -49 dB
[1, 1, 1, 1, 1]
1
nearest device: Button 1, RSSI = -49
Scanning...
Button 2, RSSI = -62 dB
Button 3, RSSI = -63 dB
Button 1, RSSI = -66 dB
[1, 1, 1, 2, 1]
1
nearest device: Button 1, RSSI = -62
Scanning...
Button 2, RSSI = -58 dB
Button 3, RSSI = -70 dB
[1, 1, 1, 2, 2]
1
nearest device: Button 1, RSSI = -58
Scanning...
Button 2, RSSI = -66 dB
Button 3, RSSI = -70 dB
[2, 1, 1, 2, 2]
2
nearest device: Button 2, RSSI = -66
Scanning...
Button 2, RSSI = -52 dB
Button 3, RSSI = -66 dB
Button 1, RSSI = -48 dB
[2, 1, 1, 2, 2]
2
nearest device: Button 2, RSSI = -48
Scanning...
Button 1, RSSI = -57 dB
Button 2, RSSI = -61 dB
[2, 1, 1, 2, 2]
2
nearest device: Button 2, RSSI = -57
Scanning...
Button 1, RSSI = -57 dB
[2, 1, 1, 1, 2]
1
nearest device: Button 1, RSSI = -57
Scanning...
Button 1, RSSI = -48 dB
Button 2, RSSI = -54 dB
[2, 1, 1, 1, 1]
1
nearest device: Button 1, RSSI = -48
Scanning...
Button 2, RSSI = -63 dB
Button 3, RSSI = -79 dB
[2, 1, 1, 1, 1]
1
nearest device: Button 1, RSSI = -63
Scanning...
Button 2, RSSI = -64 dB
Button 3, RSSI = -85 dB
Button 1, RSSI = -47 dB
[2, 1, 1, 1, 1]
1
nearest device: Button 1, RSSI = -47
Scanning...
Button 1, RSSI = -44 dB
Button 2, RSSI = -55 dB
[2, 1, 1, 1, 1]
1
nearest device: Button 1, RSSI = -44
Scanning...
Button 1, RSSI = -48 dB
Button 2, RSSI = -55 dB
[2, 1, 1, 1, 1]
1
nearest device: Button 1, RSSI = -48
Scanning...
Button 2, RSSI = -58 dB
Button 3, RSSI = -60 dB
Button 1, RSSI = -50 dB
[2, 1, 1, 1, 1]
1
nearest device: Button 1, RSSI = -50
Scanning...
Button 2, RSSI = -59 dB
Button 1, RSSI = -49 dB
[1, 1, 1, 1, 1]
1
nearest device: Button 1, RSSI = -49
Scanning...
Button 3, RSSI = -68 dB
Button 1, RSSI = -46 dB
[1, 1, 1, 1, 1]
1
nearest device: Button 1, RSSI = -46
Scanning...
Button 1, RSSI = -53 dB
Button 2, RSSI = -67 dB
Button 3, RSSI = -68 dB
[1, 1, 1, 1, 1]
1
nearest device: Button 1, RSSI = -53
Scanning...
Button 2, RSSI = -57 dB
Button 3, RSSI = -75 dB
Button 1, RSSI = -45 dB
[1, 1, 1, 1, 1]
1
nearest device: Button 1, RSSI = -45
Scanning...
Button 2, RSSI = -56 dB
Button 3, RSSI = -61 dB
Button 1, RSSI = -51 dB
[1, 1, 1, 1, 1]
1
nearest device: Button 1, RSSI = -51
Scanning...
Button 2, RSSI = -53 dB
Button 3, RSSI = -62 dB
[2, 1, 1, 1, 1]
1
nearest device: Button 1, RSSI = -53
Scanning...
Button 2, RSSI = -55 dB
[2, 2, 1, 1, 1]
1
nearest device: Button 1, RSSI = -55
Scanning...
Button 1, RSSI = -55 dB
[2, 2, 1, 1, 1]
1
nearest device: Button 1, RSSI = -55
Scanning...
Button 1, RSSI = -47 dB
Button 2, RSSI = -56 dB
Button 3, RSSI = -60 dB
[2, 2, 1, 1, 1]
1
nearest device: Button 1, RSSI = -47
Scanning...
Button 1, RSSI = -51 dB
[2, 2, 1, 1, 1]
1
nearest device: Button 1, RSSI = -51
Scanning...
Button 2, RSSI = -66 dB
[2, 2, 1, 1, 1]
1
nearest device: Button 1, RSSI = -66
Scanning...
Button 2, RSSI = -60 dB
Button 1, RSSI = -49 dB
[2, 1, 1, 1, 1]
1
nearest device: Button 1, RSSI = -49
Scanning...
Button 1, RSSI = -54 dB
Button 2, RSSI = -62 dB
[2, 1, 1, 1, 1]
1
nearest device: Button 1, RSSI = -54
Scanning...
Button 1, RSSI = -49 dB
Button 2, RSSI = -65 dB
Button 3, RSSI = -76 dB
[2, 1, 1, 1, 1]
1
nearest device: Button 1, RSSI = -49
Scanning...
Button 2, RSSI = -61 dB
Button 3, RSSI = -70 dB
Button 1, RSSI = -47 dB
[2, 1, 1, 1, 1]
1
nearest device: Button 1, RSSI = -47
Scanning...
Button 2, RSSI = -66 dB
Button 3, RSSI = -56 dB
[3, 1, 1, 1, 1]
1
nearest device: Button 1, RSSI = -56
Scanning...
Button 1, RSSI = -56 dB
Button 2, RSSI = -63 dB
Button 3, RSSI = -69 dB
[3, 1, 1, 1, 1]
1
nearest device: Button 1, RSSI = -56
Scanning...
Button 1, RSSI = -44 dB
Button 2, RSSI = -60 dB
[3, 1, 1, 1, 1]
1
nearest device: Button 1, RSSI = -44
Scanning...
Button 2, RSSI = -59 dB
Button 1, RSSI = -54 dB
Button 3, RSSI = -61 dB
[3, 1, 1, 1, 1]
1
nearest device: Button 1, RSSI = -54
Scanning...
Button 3, RSSI = -59 dB
Button 1, RSSI = -67 dB
[3, 1, 1, 1, 3]
1
nearest device: Button 1, RSSI = -59
Scanning...
Button 3, RSSI = -59 dB
[3, 1, 1, 1, 3]
1
nearest device: Button 1, RSSI = -59
Scanning...
Button 1, RSSI = -50 dB
Button 2, RSSI = -70 dB
Button 3, RSSI = -58 dB
[3, 1, 1, 1, 3]
1
nearest device: Button 1, RSSI = -50
Scanning...
Button 2, RSSI = -72 dB
Button 1, RSSI = -49 dB
[3, 1, 1, 1, 3]
1
nearest device: Button 1, RSSI = -49
Scanning...
Button 2, RSSI = -66 dB
Button 3, RSSI = -66 dB
[3, 1, 1, 2, 3]
3
nearest device: Button 3, RSSI = -66
Scanning...
Button 3, RSSI = -67 dB
Button 1, RSSI = -53 dB
[3, 1, 1, 2, 1]
1
nearest device: Button 1, RSSI = -53
Scanning...
Button 3, RSSI = -63 dB
Button 1, RSSI = -66 dB
[3, 1, 1, 2, 1]
1
nearest device: Button 1, RSSI = -63
Scanning...
Button 1, RSSI = -53 dB
Button 2, RSSI = -61 dB
[3, 1, 1, 2, 1]
1
nearest device: Button 1, RSSI = -53
Scanning...
Button 1, RSSI = -51 dB
Button 2, RSSI = -69 dB
Button 3, RSSI = -57 dB
[3, 1, 1, 2, 1]
1
nearest device: Button 1, RSSI = -51
Scanning...
Button 3, RSSI = -56 dB
Button 2, RSSI = -67 dB
[3, 1, 1, 3, 1]
1
nearest device: Button 1, RSSI = -56
Scanning...
Button 2, RSSI = -59 dB
Button 3, RSSI = -56 dB
Button 1, RSSI = -55 dB
[3, 1, 1, 3, 1]
1
nearest device: Button 1, RSSI = -55
Scanning...
Button 2, RSSI = -61 dB
Button 1, RSSI = -76 dB
[2, 1, 1, 3, 1]
1
nearest device: Button 1, RSSI = -61
Scanning...
Button 3, RSSI = -55 dB
Button 1, RSSI = -52 dB
[2, 1, 1, 3, 1]
1
nearest device: Button 1, RSSI = -52
Scanning...
Button 2, RSSI = -61 dB
Button 3, RSSI = -57 dB
[2, 1, 3, 3, 1]
1
nearest device: Button 1, RSSI = -57
Scanning...
Button 1, RSSI = -47 dB
Button 3, RSSI = -68 dB
[2, 1, 3, 1, 1]
1
nearest device: Button 1, RSSI = -47
Scanning...
Button 1, RSSI = -56 dB
[2, 1, 3, 1, 1]
1
nearest device: Button 1, RSSI = -56
Scanning...
Button 2, RSSI = -62 dB
Button 3, RSSI = -63 dB
[2, 1, 3, 1, 1]
1
nearest device: Button 1, RSSI = -62
Scanning...
Button 3, RSSI = -56 dB
[2, 3, 3, 1, 1]
3
nearest device: Button 3, RSSI = -56
Scanning...
Button 1, RSSI = -51 dB
Button 2, RSSI = -67 dB
[2, 3, 1, 1, 1]
1
nearest device: Button 1, RSSI = -51
Scanning...
Button 2, RSSI = -60 dB
Button 3, RSSI = -75 dB
[2, 3, 1, 2, 1]
2
nearest device: Button 2, RSSI = -60
Scanning...
Button 2, RSSI = -61 dB
Button 3, RSSI = -65 dB
[2, 3, 1, 2, 2]
2
nearest device: Button 2, RSSI = -61
Scanning...
Button 2, RSSI = -80 dB
Button 3, RSSI = -60 dB
[3, 3, 1, 2, 2]
3
nearest device: Button 3, RSSI = -60
Scanning...
Button 1, RSSI = -37 dB
Button 2, RSSI = -50 dB
Button 3, RSSI = -55 dB
[3, 1, 1, 2, 2]
1
nearest device: Button 1, RSSI = -37
Scanning...
Button 1, RSSI = -36 dB
Button 2, RSSI = -51 dB
Button 3, RSSI = -55 dB
[3, 1, 1, 2, 2]
1
nearest device: Button 1, RSSI = -36
Scanning...
Button 1, RSSI = -56 dB
Button 2, RSSI = -51 dB
Button 3, RSSI = -75 dB
[3, 1, 1, 2, 2]
1
nearest device: Button 1, RSSI = -51
Scanning...
Button 2, RSSI = -49 dB
Button 3, RSSI = -60 dB
Button 1, RSSI = -35 dB
[3, 1, 1, 2, 1]
1
nearest device: Button 1, RSSI = -35
Scanning...
Button 2, RSSI = -58 dB
[2, 1, 1, 2, 1]
1
nearest device: Button 1, RSSI = -58
Scanning...
Button 1, RSSI = -55 dB
Button 2, RSSI = -48 dB
Button 3, RSSI = -66 dB
[2, 2, 1, 2, 1]
2
nearest device: Button 2, RSSI = -48
Scanning...
Button 1, RSSI = -47 dB
Button 2, RSSI = -52 dB
Button 3, RSSI = -67 dB
[2, 2, 1, 2, 1]
2
nearest device: Button 2, RSSI = -47
Scanning...
Button 2, RSSI = -60 dB
Button 1, RSSI = -57 dB
[2, 2, 1, 1, 1]
1
nearest device: Button 1, RSSI = -57
Scanning...
Button 3, RSSI = -59 dB
Button 1, RSSI = -42 dB
[2, 2, 1, 1, 1]
1
nearest device: Button 1, RSSI = -42
Scanning...
Button 2, RSSI = -52 dB
Button 1, RSSI = -51 dB
[1, 2, 1, 1, 1]
1
nearest device: Button 1, RSSI = -51
Scanning...
Button 1, RSSI = -38 dB
Button 2, RSSI = -46 dB
Button 3, RSSI = -63 dB
[1, 1, 1, 1, 1]
1
nearest device: Button 1, RSSI = -38
Scanning...
Button 1, RSSI = -45 dB
Button 2, RSSI = -55 dB
[1, 1, 1, 1, 1]
1
nearest device: Button 1, RSSI = -45
Scanning...
Button 2, RSSI = -42 dB
Button 3, RSSI = -56 dB
Button 1, RSSI = -57 dB
[1, 1, 1, 2, 1]
1
nearest device: Button 1, RSSI = -42
Scanning...
Button 2, RSSI = -35 dB
Button 3, RSSI = -50 dB
[1, 1, 1, 2, 2]
1
nearest device: Button 1, RSSI = -35
Scanning...
Button 2, RSSI = -40 dB
Button 3, RSSI = -54 dB
[2, 1, 1, 2, 2]
2
nearest device: Button 2, RSSI = -40
Scanning...
Button 1, RSSI = -50 dB
Button 2, RSSI = -40 dB
[2, 2, 1, 2, 2]
2
nearest device: Button 2, RSSI = -40
Scanning...
Button 3, RSSI = -58 dB
[2, 2, 3, 2, 2]
2
nearest device: Button 2, RSSI = -58
Scanning...
Button 2, RSSI = -34 dB
Button 1, RSSI = -54 dB
Button 3, RSSI = -52 dB
[2, 2, 3, 2, 2]
2
nearest device: Button 2, RSSI = -34
Scanning...
Button 2, RSSI = -42 dB
Button 1, RSSI = -51 dB
[2, 2, 3, 2, 2]
2
nearest device: Button 2, RSSI = -42
Scanning...
Button 2, RSSI = -42 dB
Button 3, RSSI = -56 dB
Button 1, RSSI = -75 dB
[2, 2, 3, 2, 2]
2
nearest device: Button 2, RSSI = -42
Scanning...
Button 1, RSSI = -51 dB
Button 2, RSSI = -46 dB
[2, 2, 3, 2, 2]
2
nearest device: Button 2, RSSI = -46
Scanning...
Button 1, RSSI = -70 dB
Button 2, RSSI = -64 dB
Button 3, RSSI = -58 dB
[2, 2, 3, 2, 2]
2
nearest device: Button 2, RSSI = -58
Scanning...
Button 3, RSSI = -60 dB
Button 1, RSSI = -59 dB
[2, 2, 3, 1, 2]
2
nearest device: Button 2, RSSI = -59
Scanning...
Button 2, RSSI = -39 dB
Button 3, RSSI = -66 dB
Button 1, RSSI = -59 dB
[2, 2, 3, 1, 2]
2
nearest device: Button 2, RSSI = -39
Scanning...
Button 2, RSSI = -40 dB
Button 3, RSSI = -52 dB
[2, 2, 3, 1, 2]
2
nearest device: Button 2, RSSI = -40
Scanning...
Button 2, RSSI = -43 dB
Button 1, RSSI = -52 dB
[2, 2, 3, 1, 2]
2
nearest device: Button 2, RSSI = -43
Scanning...
Button 1, RSSI = -56 dB
Button 2, RSSI = -43 dB
Button 3, RSSI = -54 dB
[2, 2, 2, 1, 2]
2
nearest device: Button 2, RSSI = -43
Scanning...
Button 2, RSSI = -38 dB
Button 1, RSSI = -61 dB
Button 3, RSSI = -55 dB
[2, 2, 2, 2, 2]
2
nearest device: Button 2, RSSI = -38
Scanning...
Button 2, RSSI = -39 dB
Button 3, RSSI = -56 dB
[2, 2, 2, 2, 2]
2
nearest device: Button 2, RSSI = -39
Scanning...
Button 2, RSSI = -48 dB
Button 3, RSSI = -53 dB
Button 1, RSSI = -63 dB
[2, 2, 2, 2, 2]
2
nearest device: Button 2, RSSI = -48
Scanning...
Button 1, RSSI = -56 dB
Button 2, RSSI = -53 dB
[2, 2, 2, 2, 2]
2
nearest device: Button 2, RSSI = -53
Scanning...
Button 2, RSSI = -43 dB
Button 3, RSSI = -47 dB
Button 1, RSSI = -57 dB
[2, 2, 2, 2, 2]
2
nearest device: Button 2, RSSI = -43
Scanning...
Button 2, RSSI = -52 dB
Button 3, RSSI = -49 dB
Button 1, RSSI = -52 dB
[2, 2, 2, 3, 2]
2
nearest device: Button 2, RSSI = -49
Scanning...
Button 2, RSSI = -41 dB
Button 3, RSSI = -54 dB
Button 1, RSSI = -49 dB
[2, 2, 2, 3, 2]
2
nearest device: Button 2, RSSI = -41
Scanning...
Button 1, RSSI = -53 dB
Button 3, RSSI = -63 dB
[1, 2, 2, 3, 2]
2
nearest device: Button 2, RSSI = -53
Scanning...
Button 1, RSSI = -51 dB
[1, 1, 2, 3, 2]
1
nearest device: Button 1, RSSI = -51
Scanning...
Button 2, RSSI = -57 dB
Button 3, RSSI = -46 dB
Button 1, RSSI = -69 dB
[1, 1, 3, 3, 2]
1
nearest device: Button 1, RSSI = -46
Scanning...
Button 3, RSSI = -44 dB
[1, 1, 3, 3, 2]
1
nearest device: Button 1, RSSI = -44
Scanning...
Button 2, RSSI = -56 dB
[1, 1, 3, 3, 2]
1
nearest device: Button 1, RSSI = -56
Scanning...
Button 1, RSSI = -71 dB
Button 2, RSSI = -49 dB
[2, 1, 3, 3, 2]
2
nearest device: Button 2, RSSI = -49
Scanning...
Button 1, RSSI = -74 dB
[2, 1, 3, 3, 2]
2
nearest device: Button 2, RSSI = -74
Scanning...
Button 2, RSSI = -62 dB
Button 3, RSSI = -56 dB
[2, 1, 3, 3, 2]
2
nearest device: Button 2, RSSI = -56
Scanning...
Button 1, RSSI = -51 dB
[2, 1, 3, 1, 2]
2
nearest device: Button 2, RSSI = -51
Scanning...
Button 2, RSSI = -54 dB
Button 3, RSSI = -60 dB
[2, 1, 3, 1, 2]
2
nearest device: Button 2, RSSI = -54
Scanning...
Button 1, RSSI = -52 dB
Button 2, RSSI = -67 dB
Button 3, RSSI = -74 dB
[1, 1, 3, 1, 2]
1
nearest device: Button 1, RSSI = -52
Scanning...
Button 1, RSSI = -50 dB
[1, 1, 3, 1, 2]
1
nearest device: Button 1, RSSI = -50
Scanning...
Button 2, RSSI = -67 dB
Button 3, RSSI = -56 dB
Button 1, RSSI = -52 dB
[1, 1, 1, 1, 2]
1
nearest device: Button 1, RSSI = -52
Scanning...
Button 3, RSSI = -78 dB
Button 1, RSSI = -58 dB
[1, 1, 1, 1, 2]
1
nearest device: Button 1, RSSI = -58
Scanning...
Button 2, RSSI = -63 dB
Button 1, RSSI = -61 dB
[1, 1, 1, 1, 1]
1
nearest device: Button 1, RSSI = -61
Scanning...
Button 1, RSSI = -51 dB
Button 3, RSSI = -58 dB
[1, 1, 1, 1, 1]
1
nearest device: Button 1, RSSI = -51
Scanning...
Button 1, RSSI = -52 dB
[1, 1, 1, 1, 1]
1
nearest device: Button 1, RSSI = -52
Scanning...
Button 1, RSSI = -52 dB
[1, 1, 1, 1, 1]
1
nearest device: Button 1, RSSI = -52
Scanning...
Button 3, RSSI = -64 dB
Button 1, RSSI = -49 dB
[1, 1, 1, 1, 1]
1
nearest device: Button 1, RSSI = -49
Scanning...
Button 2, RSSI = -59 dB
Button 3, RSSI = -61 dB
Button 1, RSSI = -54 dB
[1, 1, 1, 1, 1]
1
nearest device: Button 1, RSSI = -54
Scanning...
Button 1, RSSI = -50 dB
Button 3, RSSI = -60 dB
[1, 1, 1, 1, 1]
1
nearest device: Button 1, RSSI = -50
Scanning...
Button 1, RSSI = -50 dB
[1, 1, 1, 1, 1]
1
nearest device: Button 1, RSSI = -50
Scanning...
Button 2, RSSI = -59 dB
Button 3, RSSI = -57 dB
[1, 1, 3, 1, 1]
1
nearest device: Button 1, RSSI = -57
Scanning...
Button 2, RSSI = -60 dB
Button 3, RSSI = -55 dB
Button 1, RSSI = -53 dB
[1, 1, 3, 1, 1]
1
nearest device: Button 1, RSSI = -53
Scanning...
Button 2, RSSI = -73 dB
Button 3, RSSI = -56 dB
Button 1, RSSI = -53 dB
[1, 1, 3, 1, 1]
1
nearest device: Button 1, RSSI = -53
Scanning...
Button 1, RSSI = -77 dB
Button 3, RSSI = -56 dB
[3, 1, 3, 1, 1]
1
nearest device: Button 1, RSSI = -56
Scanning...
Button 1, RSSI = -68 dB
Button 2, RSSI = -65 dB
Button 3, RSSI = -58 dB
[3, 3, 3, 1, 1]
3
nearest device: Button 3, RSSI = -58
Scanning...
Button 2, RSSI = -76 dB
Button 3, RSSI = -59 dB
[3, 3, 3, 1, 1]
3
nearest device: Button 3, RSSI = -59
Scanning...
Button 2, RSSI = -66 dB
[3, 3, 3, 2, 1]
3
nearest device: Button 3, RSSI = -66
Scanning...
Button 2, RSSI = -61 dB
Button 3, RSSI = -60 dB
[3, 3, 3, 2, 3]
3
nearest device: Button 3, RSSI = -60
Scanning...
Button 1, RSSI = -50 dB
Button 2, RSSI = -63 dB
Button 3, RSSI = -59 dB
[1, 3, 3, 2, 3]
3
nearest device: Button 3, RSSI = -50
Scanning...
[1, 1, 3, 2, 3]
1
no nearby device
Scanning...
Button 3, RSSI = -58 dB
[1, 1, 3, 2, 3]
1
nearest device: Button 1, RSSI = -58
Scanning...
Button 2, RSSI = -58 dB
Button 1, RSSI = -63 dB
Button 3, RSSI = -60 dB
[1, 1, 3, 2, 3]
1
nearest device: Button 1, RSSI = -58
Scanning...
Button 1, RSSI = -47 dB
Button 2, RSSI = -67 dB
Button 3, RSSI = -57 dB
[1, 1, 3, 2, 1]
1
nearest device: Button 1, RSSI = -47
Scanning...
Button 3, RSSI = -65 dB
[3, 1, 3, 2, 1]
3
nearest device: Button 3, RSSI = -65
Scanning...
Button 2, RSSI = -60 dB
Button 3, RSSI = -66 dB
Button 1, RSSI = -56 dB
[3, 1, 3, 2, 1]
3
nearest device: Button 3, RSSI = -56
Scanning...
Button 2, RSSI = -54 dB
Button 1, RSSI = -55 dB
[3, 1, 2, 2, 1]
1
nearest device: Button 1, RSSI = -54
Scanning...
Button 2, RSSI = -55 dB
[3, 1, 2, 2, 1]
1
nearest device: Button 1, RSSI = -55
Scanning...
Button 1, RSSI = -65 dB
Button 2, RSSI = -55 dB
Button 3, RSSI = -67 dB
[3, 1, 2, 2, 2]
2
nearest device: Button 2, RSSI = -55
Scanning...
Button 1, RSSI = -46 dB
[1, 1, 2, 2, 2]
2
nearest device: Button 2, RSSI = -46
Scanning...
Button 2, RSSI = -55 dB
Button 3, RSSI = -53 dB
Button 1, RSSI = -36 dB
[1, 1, 2, 2, 2]
2
nearest device: Button 2, RSSI = -36
Scanning...
Button 2, RSSI = -52 dB
Button 3, RSSI = -56 dB
Button 1, RSSI = -33 dB
[1, 1, 1, 2, 2]
1
nearest device: Button 1, RSSI = -33
Scanning...
Button 2, RSSI = -56 dB
Button 3, RSSI = -71 dB
Button 1, RSSI = -56 dB
[1, 1, 1, 1, 2]
1
nearest device: Button 1, RSSI = -56
Scanning...
Button 1, RSSI = -59 dB
Button 2, RSSI = -55 dB
[1, 1, 1, 1, 2]
1
nearest device: Button 1, RSSI = -55
Scanning...
Button 1, RSSI = -74 dB
Button 2, RSSI = -62 dB
[2, 1, 1, 1, 2]
1
nearest device: Button 1, RSSI = -62
Scanning...
Button 3, RSSI = -59 dB
Button 1, RSSI = -43 dB
Button 2, RSSI = -46 dB
[2, 1, 1, 1, 2]
1
nearest device: Button 1, RSSI = -43
Scanning...
Button 2, RSSI = -61 dB
Button 3, RSSI = -58 dB
Button 1, RSSI = -50 dB
[2, 1, 1, 1, 2]
1
nearest device: Button 1, RSSI = -50
Scanning...
Button 2, RSSI = -38 dB
Button 1, RSSI = -56 dB
[2, 1, 1, 2, 2]
2
nearest device: Button 2, RSSI = -38
Scanning...
Button 2, RSSI = -33 dB
Button 3, RSSI = -52 dB
Button 1, RSSI = -50 dB
[2, 1, 1, 2, 2]
2
nearest device: Button 2, RSSI = -33
Scanning...
Button 1, RSSI = -59 dB
Button 2, RSSI = -40 dB
Button 3, RSSI = -58 dB
[2, 1, 1, 2, 2]
2
nearest device: Button 2, RSSI = -40
Scanning...
Button 2, RSSI = -50 dB
Button 3, RSSI = -50 dB
Button 1, RSSI = -57 dB
[2, 2, 1, 2, 2]
2
nearest device: Button 2, RSSI = -50
Scanning...
Button 2, RSSI = -37 dB
Button 1, RSSI = -64 dB
[2, 2, 2, 2, 2]
2
nearest device: Button 2, RSSI = -37
Scanning...
Button 2, RSSI = -37 dB
Button 3, RSSI = -52 dB
Button 1, RSSI = -61 dB
[2, 2, 2, 2, 2]
2
nearest device: Button 2, RSSI = -37
Scanning...
Button 3, RSSI = -56 dB
Button 1, RSSI = -56 dB
[2, 2, 2, 2, 1]
2
nearest device: Button 2, RSSI = -56
Scanning...
Button 3, RSSI = -54 dB
[3, 2, 2, 2, 1]
2
nearest device: Button 2, RSSI = -54
Scanning...
Button 1, RSSI = -50 dB
Button 2, RSSI = -37 dB
Button 3, RSSI = -59 dB
[3, 2, 2, 2, 1]
2
nearest device: Button 2, RSSI = -37
Scanning...
Button 3, RSSI = -59 dB
Button 1, RSSI = -58 dB
[3, 2, 1, 2, 1]
2
nearest device: Button 2, RSSI = -58
Scanning...
Button 2, RSSI = -36 dB
Button 3, RSSI = -51 dB
Button 1, RSSI = -66 dB
[3, 2, 1, 2, 1]
2
nearest device: Button 2, RSSI = -36
Scanning...
Button 1, RSSI = -58 dB
Button 3, RSSI = -52 dB
[3, 2, 1, 2, 3]
3
nearest device: Button 3, RSSI = -52
Scanning...
Button 1, RSSI = -56 dB
Button 2, RSSI = -55 dB
[2, 2, 1, 2, 3]
2
nearest device: Button 2, RSSI = -55
Scanning...
Button 2, RSSI = -44 dB
Button 3, RSSI = -52 dB
Button 1, RSSI = -59 dB
[2, 2, 1, 2, 3]
2
nearest device: Button 2, RSSI = -44
Scanning...
Button 2, RSSI = -48 dB
Button 1, RSSI = -56 dB
[2, 2, 2, 2, 3]
2
nearest device: Button 2, RSSI = -48
Scanning...
Button 2, RSSI = -53 dB
Button 3, RSSI = -60 dB
[2, 2, 2, 2, 3]
2
nearest device: Button 2, RSSI = -53
Scanning...
Button 1, RSSI = -52 dB
Button 2, RSSI = -57 dB
Button 3, RSSI = -47 dB
[2, 2, 2, 2, 3]
2
nearest device: Button 2, RSSI = -47
Scanning...
Button 2, RSSI = -39 dB
Button 3, RSSI = -71 dB
[2, 2, 2, 2, 3]
2
nearest device: Button 2, RSSI = -39
Scanning...
Button 2, RSSI = -49 dB
Button 3, RSSI = -60 dB
Button 1, RSSI = -52 dB
[2, 2, 2, 2, 3]
2
nearest device: Button 2, RSSI = -49
Scanning...
Button 2, RSSI = -39 dB
Button 3, RSSI = -71 dB
Button 1, RSSI = -83 dB
[2, 2, 2, 2, 3]
2
nearest device: Button 2, RSSI = -39
Scanning...
Button 2, RSSI = -54 dB
Button 3, RSSI = -70 dB
[2, 2, 2, 2, 3]
2
nearest device: Button 2, RSSI = -54
Scanning...
Button 1, RSSI = -44 dB
Button 2, RSSI = -59 dB
Button 3, RSSI = -80 dB
[2, 2, 2, 2, 1]
2
nearest device: Button 2, RSSI = -44
Scanning...
Button 1, RSSI = -52 dB
Button 2, RSSI = -52 dB
[1, 2, 2, 2, 1]
2
nearest device: Button 2, RSSI = -52
Scanning...
Button 2, RSSI = -49 dB
Button 3, RSSI = -48 dB
Button 1, RSSI = -60 dB
[1, 3, 2, 2, 1]
1
nearest device: Button 1, RSSI = -48
Scanning...
Button 1, RSSI = -60 dB
[1, 3, 1, 2, 1]
1
nearest device: Button 1, RSSI = -60
Scanning...
Button 2, RSSI = -46 dB
Button 3, RSSI = -39 dB
Button 1, RSSI = -66 dB
[1, 3, 1, 3, 1]
1
nearest device: Button 1, RSSI = -39
Scanning...
Button 1, RSSI = -66 dB
Button 2, RSSI = -53 dB
[1, 3, 1, 3, 2]
1
nearest device: Button 1, RSSI = -53
Scanning...
Button 1, RSSI = -66 dB
Button 3, RSSI = -50 dB
[3, 3, 1, 3, 2]
3
nearest device: Button 3, RSSI = -50
Scanning...
Button 2, RSSI = -59 dB
Button 3, RSSI = -49 dB
[3, 3, 1, 3, 2]
3
nearest device: Button 3, RSSI = -49
Scanning...
Button 2, RSSI = -51 dB
Button 3, RSSI = -52 dB
Button 1, RSSI = -73 dB
[3, 3, 2, 3, 2]
3
nearest device: Button 3, RSSI = -51
Scanning...
Button 2, RSSI = -60 dB
[3, 3, 2, 2, 2]
2
nearest device: Button 2, RSSI = -60
Scanning...
[3, 3, 2, 2, 1]
3
no nearby device
Scanning...
Button 1, RSSI = -61 dB
Button 2, RSSI = -52 dB
[2, 3, 2, 2, 1]
2
nearest device: Button 2, RSSI = -52
Scanning...
Button 3, RSSI = -37 dB
[2, 3, 2, 2, 1]
2
nearest device: Button 2, RSSI = -37
Scanning...
Button 2, RSSI = -50 dB
Button 3, RSSI = -36 dB
[2, 3, 3, 2, 1]
2
nearest device: Button 2, RSSI = -36
Scanning...
Button 3, RSSI = -36 dB
Button 1, RSSI = -63 dB
Button 2, RSSI = -49 dB
[2, 3, 3, 3, 1]
3
nearest device: Button 3, RSSI = -36
Scanning...
Button 1, RSSI = -63 dB
Button 3, RSSI = -36 dB
[2, 3, 3, 3, 3]
3
nearest device: Button 3, RSSI = -36
Scanning...
Button 2, RSSI = -48 dB
Button 3, RSSI = -34 dB
[3, 3, 3, 3, 3]
3
nearest device: Button 3, RSSI = -34
Scanning...
Button 3, RSSI = -44 dB
[3, 3, 3, 3, 3]
3
nearest device: Button 3, RSSI = -44
Scanning...
Button 3, RSSI = -57 dB
[3, 3, 3, 3, 3]
3
nearest device: Button 3, RSSI = -57
Scanning...
[3, 3, 3, 1, 3]
3
no nearby device
Scanning...
Button 1, RSSI = -63 dB
[3, 3, 3, 1, 1]
3
nearest device: Button 3, RSSI = -63
Scanning...
Button 3, RSSI = -59 dB
Button 2, RSSI = -65 dB
[3, 3, 3, 1, 1]
3
nearest device: Button 3, RSSI = -59
Scanning...
Button 2, RSSI = -59 dB
Button 1, RSSI = -58 dB
Button 3, RSSI = -59 dB
[3, 1, 3, 1, 1]
1
nearest device: Button 1, RSSI = -58
Scanning...
Button 2, RSSI = -69 dB
Button 3, RSSI = -77 dB
Button 1, RSSI = -55 dB
[3, 1, 1, 1, 1]
1
nearest device: Button 1, RSSI = -55
Scanning...
Button 2, RSSI = -66 dB
Button 3, RSSI = -57 dB
Button 1, RSSI = -64 dB
[3, 1, 1, 3, 1]
1
nearest device: Button 1, RSSI = -57
Scanning...
Button 1, RSSI = -60 dB
Button 2, RSSI = -59 dB
Button 3, RSSI = -64 dB
[3, 1, 1, 3, 2]
3
nearest device: Button 3, RSSI = -59
Scanning...
Button 2, RSSI = -59 dB
Button 1, RSSI = -58 dB
[1, 1, 1, 3, 2]
1
nearest device: Button 1, RSSI = -58
Scanning...
Button 2, RSSI = -61 dB
Button 3, RSSI = -61 dB
[1, 2, 1, 3, 2]
1
nearest device: Button 1, RSSI = -61
Scanning...
Button 2, RSSI = -60 dB
[1, 2, 2, 3, 2]
2
nearest device: Button 2, RSSI = -60
Scanning...
Button 2, RSSI = -62 dB
[1, 2, 2, 2, 2]
2
nearest device: Button 2, RSSI = -62
Scanning...
Button 1, RSSI = -67 dB
[1, 2, 2, 2, 1]
2
nearest device: Button 2, RSSI = -67
Scanning...
Button 2, RSSI = -58 dB
Button 1, RSSI = -72 dB
Button 3, RSSI = -55 dB
[3, 2, 2, 2, 1]
2
nearest device: Button 2, RSSI = -55
Scanning...
Button 3, RSSI = -56 dB
Button 2, RSSI = -59 dB
[3, 3, 2, 2, 1]
3
nearest device: Button 3, RSSI = -56
Scanning...
Button 2, RSSI = -57 dB
Button 3, RSSI = -59 dB
[3, 3, 2, 2, 1]
3
nearest device: Button 3, RSSI = -57
Scanning...
Button 3, RSSI = -58 dB
[3, 3, 2, 3, 1]
3
nearest device: Button 3, RSSI = -58
Scanning...
Button 2, RSSI = -65 dB
Button 3, RSSI = -62 dB
[3, 3, 2, 3, 3]
3
nearest device: Button 3, RSSI = -62
Scanning...
Button 2, RSSI = -68 dB
Button 1, RSSI = -75 dB
[2, 3, 2, 3, 3]
3
nearest device: Button 3, RSSI = -68
Scanning...
Button 2, RSSI = -62 dB
Button 3, RSSI = -61 dB
Button 1, RSSI = -72 dB
[2, 3, 2, 3, 3]
3
nearest device: Button 3, RSSI = -61
Scanning...
Button 2, RSSI = -63 dB
Button 3, RSSI = -52 dB
[2, 3, 3, 3, 3]
3
nearest device: Button 3, RSSI = -52
Scanning...
Button 1, RSSI = -70 dB
Button 2, RSSI = -67 dB
Button 3, RSSI = -55 dB
[2, 3, 3, 3, 3]
3
nearest device: Button 3, RSSI = -55
Scanning...
Button 1, RSSI = -74 dB
Button 3, RSSI = -55 dB
[2, 3, 3, 3, 3]
3
nearest device: Button 3, RSSI = -55
Scanning...
Button 2, RSSI = -56 dB
Button 3, RSSI = -61 dB
[2, 3, 3, 3, 3]
3
nearest device: Button 3, RSSI = -56
Scanning...
Button 2, RSSI = -55 dB
Button 3, RSSI = -53 dB
Button 1, RSSI = -70 dB
[2, 3, 3, 3, 3]
3
nearest device: Button 3, RSSI = -53
Scanning...
Button 2, RSSI = -62 dB
Button 1, RSSI = -68 dB
[2, 3, 2, 3, 3]
3
nearest device: Button 3, RSSI = -62
Scanning...
Button 2, RSSI = -62 dB
Button 3, RSSI = -65 dB
[2, 3, 2, 2, 3]
2
nearest device: Button 2, RSSI = -62
Scanning...
Button 1, RSSI = -66 dB
Button 3, RSSI = -55 dB
[2, 3, 2, 2, 3]
2
nearest device: Button 2, RSSI = -55
Scanning...
Button 2, RSSI = -56 dB
[2, 3, 2, 2, 3]
2
nearest device: Button 2, RSSI = -56
Scanning...
Button 2, RSSI = -64 dB
Button 3, RSSI = -55 dB
[2, 3, 2, 2, 3]
2
nearest device: Button 2, RSSI = -55
Scanning...
[2, 3, 1, 2, 3]
2
no nearby device
Scanning...
Button 3, RSSI = -60 dB
[2, 3, 1, 3, 3]
3
nearest device: Button 3, RSSI = -60
Scanning...
Button 1, RSSI = -71 dB
Button 2, RSSI = -61 dB
Button 3, RSSI = -60 dB
[2, 3, 1, 3, 3]
3
nearest device: Button 3, RSSI = -60
Scanning...
Button 2, RSSI = -62 dB
Button 3, RSSI = -52 dB
Button 1, RSSI = -65 dB
[3, 3, 1, 3, 3]
3
nearest device: Button 3, RSSI = -52
Scanning...
Button 1, RSSI = -68 dB
[3, 1, 1, 3, 3]
3
nearest device: Button 3, RSSI = -68
Scanning...
Button 2, RSSI = -68 dB
Button 3, RSSI = -52 dB
[3, 1, 3, 3, 3]
3
nearest device: Button 3, RSSI = -52
Scanning...
Button 1, RSSI = -72 dB
Button 2, RSSI = -66 dB
[3, 1, 3, 2, 3]
3
nearest device: Button 3, RSSI = -66
Scanning...
Button 1, RSSI = -65 dB
Button 2, RSSI = -61 dB
Button 3, RSSI = -56 dB
[3, 1, 3, 2, 3]
3
nearest device: Button 3, RSSI = -56
Scanning...
Button 2, RSSI = -55 dB
Button 3, RSSI = -61 dB
Button 1, RSSI = -72 dB
[2, 1, 3, 2, 3]
2
nearest device: Button 2, RSSI = -55
Scanning...
Button 2, RSSI = -62 dB
Button 1, RSSI = -66 dB
[2, 2, 3, 2, 3]
2
nearest device: Button 2, RSSI = -62
Scanning...
Button 2, RSSI = -57 dB
Button 3, RSSI = -62 dB
[2, 2, 2, 2, 3]
2
nearest device: Button 2, RSSI = -57
Scanning...
Button 1, RSSI = -74 dB
Button 3, RSSI = -53 dB
[2, 2, 2, 3, 3]
2
nearest device: Button 2, RSSI = -53
Scanning...
Button 2, RSSI = -56 dB
Button 3, RSSI = -62 dB
[2, 2, 2, 3, 2]
2
nearest device: Button 2, RSSI = -56
Scanning...
Button 2, RSSI = -77 dB
Button 1, RSSI = -68 dB
Button 3, RSSI = -61 dB
[3, 2, 2, 3, 2]
2
nearest device: Button 2, RSSI = -61
Scanning...
Button 2, RSSI = -56 dB
Button 3, RSSI = -62 dB
[3, 2, 2, 3, 2]
2
nearest device: Button 2, RSSI = -56
Scanning...
Button 1, RSSI = -66 dB
Button 2, RSSI = -61 dB
Button 3, RSSI = -52 dB
[3, 2, 3, 3, 2]
3
nearest device: Button 3, RSSI = -52
Scanning...
Button 1, RSSI = -68 dB
Button 2, RSSI = -62 dB
Button 3, RSSI = -60 dB
[3, 2, 3, 3, 2]
3
nearest device: Button 3, RSSI = -60
Scanning...
Button 2, RSSI = -56 dB
Button 3, RSSI = -79 dB
[3, 2, 3, 3, 2]
3
nearest device: Button 3, RSSI = -56
Scanning...
Button 2, RSSI = -65 dB
Button 3, RSSI = -60 dB
[3, 2, 3, 3, 2]
3
nearest device: Button 3, RSSI = -60
Scanning...
Button 3, RSSI = -61 dB
Button 1, RSSI = -66 dB
Button 2, RSSI = -69 dB
[3, 3, 3, 3, 2]
3
nearest device: Button 3, RSSI = -61
Scanning...
Button 2, RSSI = -68 dB
Button 1, RSSI = -69 dB
[3, 3, 2, 3, 2]
3
nearest device: Button 3, RSSI = -68
Scanning...
Button 1, RSSI = -73 dB
[3, 3, 2, 1, 2]
3
nearest device: Button 3, RSSI = -73
Scanning...
Button 1, RSSI = -65 dB
[3, 3, 2, 1, 1]
3
nearest device: Button 3, RSSI = -65
Scanning...
Button 2, RSSI = -55 dB
Button 1, RSSI = -73 dB
Button 3, RSSI = -57 dB
[2, 3, 2, 1, 1]
2
nearest device: Button 2, RSSI = -55
Scanning...
Button 2, RSSI = -68 dB
Button 3, RSSI = -63 dB
Button 1, RSSI = -73 dB
[2, 3, 2, 1, 1]
2
nearest device: Button 2, RSSI = -63
Scanning...
Button 3, RSSI = -60 dB
Button 1, RSSI = -66 dB
[2, 3, 3, 1, 1]
3
nearest device: Button 3, RSSI = -60
Scanning...
Button 1, RSSI = -70 dB
Button 2, RSSI = -66 dB
Button 3, RSSI = -60 dB
[2, 3, 3, 3, 1]
3
nearest device: Button 3, RSSI = -60
Scanning...
[2, 3, 3, 3, 1]
3
no nearby device
Scanning...
Button 2, RSSI = -73 dB
Button 3, RSSI = -73 dB
[2, 3, 3, 3, 1]
3
nearest device: Button 3, RSSI = -73
Scanning...
Button 2, RSSI = -63 dB
Button 3, RSSI = -66 dB
[2, 2, 3, 3, 1]
2
nearest device: Button 2, RSSI = -63
Scanning...
Button 1, RSSI = -62 dB
Button 2, RSSI = -69 dB
[2, 2, 1, 3, 1]
2
nearest device: Button 2, RSSI = -62
Scanning...
Button 3, RSSI = -73 dB
Button 1, RSSI = -71 dB
[2, 2, 1, 1, 1]
1
nearest device: Button 1, RSSI = -71
Scanning...
Button 3, RSSI = -67 dB
[2, 2, 1, 1, 3]
2
nearest device: Button 2, RSSI = -67
Scanning...
Button 2, RSSI = -57 dB
Button 3, RSSI = -54 dB
Button 1, RSSI = -64 dB
[3, 2, 1, 1, 3]
3
nearest device: Button 3, RSSI = -54
Scanning...
Button 2, RSSI = -64 dB
Button 3, RSSI = -61 dB
Button 1, RSSI = -62 dB
[3, 3, 1, 1, 3]
3
nearest device: Button 3, RSSI = -61
Scanning...
Button 1, RSSI = -68 dB
Button 3, RSSI = -53 dB
Button 2, RSSI = -66 dB
[3, 3, 3, 1, 3]
3
nearest device: Button 3, RSSI = -53
Scanning...
Button 1, RSSI = -66 dB
Button 2, RSSI = -75 dB
Button 3, RSSI = -56 dB
[3, 3, 3, 3, 3]
3
nearest device: Button 3, RSSI = -56
Scanning...
Button 2, RSSI = -61 dB
Button 3, RSSI = -56 dB
Button 1, RSSI = -64 dB
[3, 3, 3, 3, 3]
3
nearest device: Button 3, RSSI = -56
Scanning...
Button 2, RSSI = -71 dB
Button 3, RSSI = -52 dB
[3, 3, 3, 3, 3]
3
nearest device: Button 3, RSSI = -52
Scanning...
Button 3, RSSI = -53 dB
Button 1, RSSI = -67 dB
[3, 3, 3, 3, 3]
3
nearest device: Button 3, RSSI = -53
Scanning...
[3, 3, 1, 3, 3]
3
no nearby device
Scanning...
Button 3, RSSI = -53 dB
[3, 3, 1, 3, 3]
3
nearest device: Button 3, RSSI = -53
Scanning...
Button 2, RSSI = -56 dB
Button 3, RSSI = -69 dB
Button 1, RSSI = -68 dB
[3, 3, 1, 3, 2]
3
nearest device: Button 3, RSSI = -56
Scanning...
Button 2, RSSI = -67 dB
Button 3, RSSI = -61 dB
[3, 3, 1, 3, 2]
3
nearest device: Button 3, RSSI = -61
Scanning...
Button 2, RSSI = -62 dB
Button 3, RSSI = -57 dB
[3, 3, 1, 3, 2]
3
nearest device: Button 3, RSSI = -57
Scanning...
Button 1, RSSI = -59 dB
Button 2, RSSI = -58 dB
Button 3, RSSI = -53 dB
[3, 3, 3, 3, 2]
3
nearest device: Button 3, RSSI = -53
Scanning...
Button 1, RSSI = -71 dB
Button 2, RSSI = -57 dB
Button 3, RSSI = -60 dB
[3, 3, 3, 2, 2]
3
nearest device: Button 3, RSSI = -57
Scanning...
Button 3, RSSI = -56 dB
Button 1, RSSI = -62 dB
Button 2, RSSI = -58 dB
[3, 3, 3, 2, 3]
3
nearest device: Button 3, RSSI = -56
Scanning...
Button 2, RSSI = -57 dB
Button 1, RSSI = -67 dB
[2, 3, 3, 2, 3]
3
nearest device: Button 3, RSSI = -57
Scanning...
Button 2, RSSI = -59 dB
Button 3, RSSI = -58 dB
Button 1, RSSI = -61 dB
[2, 3, 3, 2, 3]
3
nearest device: Button 3, RSSI = -58
Scanning...
Button 2, RSSI = -67 dB
[2, 3, 2, 2, 3]
2
nearest device: Button 2, RSSI = -67
Scanning...
Button 2, RSSI = -70 dB
Button 3, RSSI = -50 dB
[2, 3, 2, 3, 3]
3
nearest device: Button 3, RSSI = -50
Scanning...
Button 2, RSSI = -57 dB
Button 3, RSSI = -61 dB
[2, 3, 2, 3, 2]
2
nearest device: Button 2, RSSI = -57
Scanning...
Button 2, RSSI = -57 dB
Button 3, RSSI = -49 dB
[3, 3, 2, 3, 2]
3
nearest device: Button 3, RSSI = -49
Scanning...
[3, 1, 2, 3, 2]
3
no nearby device
Scanning...
Button 1, RSSI = -62 dB
Button 2, RSSI = -57 dB
Button 3, RSSI = -52 dB
[3, 1, 3, 3, 2]
3
nearest device: Button 3, RSSI = -52
Scanning...
Button 3, RSSI = -59 dB
[3, 1, 3, 3, 2]
3
nearest device: Button 3, RSSI = -59
Scanning...
Button 3, RSSI = -52 dB
Button 1, RSSI = -71 dB
[3, 1, 3, 3, 3]
3
nearest device: Button 3, RSSI = -52
Scanning...
Button 2, RSSI = -57 dB
Button 3, RSSI = -55 dB
[3, 1, 3, 3, 3]
3
nearest device: Button 3, RSSI = -55
Scanning...
Button 2, RSSI = -57 dB
Button 3, RSSI = -59 dB
Button 1, RSSI = -66 dB
[3, 2, 3, 3, 3]
3
nearest device: Button 3, RSSI = -57
Scanning...
Button 2, RSSI = -67 dB
Button 3, RSSI = -56 dB
[3, 2, 3, 3, 3]
3
nearest device: Button 3, RSSI = -56
Scanning...
Button 1, RSSI = -67 dB
Button 2, RSSI = -58 dB
Button 3, RSSI = -58 dB
[3, 2, 3, 2, 3]
3
nearest device: Button 3, RSSI = -58
Scanning...
Button 2, RSSI = -57 dB
Button 1, RSSI = -67 dB
[3, 2, 3, 2, 2]
2
nearest device: Button 2, RSSI = -57
Scanning...
Button 2, RSSI = -57 dB
[2, 2, 3, 2, 2]
2
nearest device: Button 2, RSSI = -57
Scanning...
Button 2, RSSI = -62 dB
[2, 2, 3, 2, 2]
2
nearest device: Button 2, RSSI = -62
Scanning...
Button 2, RSSI = -58 dB
Button 3, RSSI = -52 dB
[2, 2, 3, 2, 2]
2
nearest device: Button 2, RSSI = -52
Scanning...
Button 3, RSSI = -52 dB
[2, 2, 3, 3, 2]
2
nearest device: Button 2, RSSI = -52
Scanning...
[2, 2, 3, 3, 1]
2
no nearby device
Scanning...
Button 2, RSSI = -62 dB
Button 3, RSSI = -55 dB
Button 1, RSSI = -60 dB
[3, 2, 3, 3, 1]
3
nearest device: Button 3, RSSI = -55
Scanning...
Button 2, RSSI = -68 dB
Button 3, RSSI = -59 dB
[3, 3, 3, 3, 1]
3
nearest device: Button 3, RSSI = -59
Scanning...
Button 2, RSSI = -70 dB
Button 3, RSSI = -56 dB
[3, 3, 3, 3, 1]
3
nearest device: Button 3, RSSI = -56
Scanning...
Button 1, RSSI = -69 dB
Button 2, RSSI = -55 dB
Button 3, RSSI = -49 dB
[3, 3, 3, 3, 1]
3
nearest device: Button 3, RSSI = -49
Scanning...
Button 2, RSSI = -55 dB
Button 3, RSSI = -57 dB
[3, 3, 3, 3, 2]
3
nearest device: Button 3, RSSI = -55
Scanning...
Button 3, RSSI = -59 dB
Button 2, RSSI = -55 dB
[2, 3, 3, 3, 2]
3
nearest device: Button 3, RSSI = -55
Scanning...
Button 2, RSSI = -56 dB
Button 3, RSSI = -48 dB
[2, 3, 3, 3, 2]
3
nearest device: Button 3, RSSI = -48
Scanning...
Button 2, RSSI = -61 dB
Button 3, RSSI = -69 dB
[2, 3, 2, 3, 2]
2
nearest device: Button 2, RSSI = -61
Scanning...
Button 1, RSSI = -75 dB
Button 2, RSSI = -53 dB
[2, 3, 2, 2, 2]
2
nearest device: Button 2, RSSI = -53
Scanning...
Button 2, RSSI = -58 dB
Button 3, RSSI = -57 dB
[2, 3, 2, 2, 3]
2
nearest device: Button 2, RSSI = -57
Scanning...
Button 2, RSSI = -62 dB
[2, 3, 2, 2, 3]
2
nearest device: Button 2, RSSI = -62
Scanning...
Button 1, RSSI = -64 dB
Button 2, RSSI = -55 dB
[2, 2, 2, 2, 3]
2
nearest device: Button 2, RSSI = -55
Scanning...
Button 1, RSSI = -63 dB
Button 2, RSSI = -63 dB
Button 3, RSSI = -53 dB
[2, 2, 3, 2, 3]
2
nearest device: Button 2, RSSI = -53
Scanning...
Button 2, RSSI = -57 dB
[2, 2, 3, 2, 3]
2
nearest device: Button 2, RSSI = -57
Scanning...
Button 2, RSSI = -55 dB
Button 3, RSSI = -50 dB
Button 1, RSSI = -68 dB
[2, 2, 3, 2, 3]
2
nearest device: Button 2, RSSI = -50
Scanning...
Button 2, RSSI = -57 dB
Button 3, RSSI = -59 dB
Button 1, RSSI = -69 dB
[2, 2, 3, 2, 3]
2
nearest device: Button 2, RSSI = -57
Scanning...
Button 2, RSSI = -69 dB
Button 3, RSSI = -58 dB
Button 1, RSSI = -83 dB
[2, 3, 3, 2, 3]
3
nearest device: Button 3, RSSI = -58
Scanning...
Button 2, RSSI = -65 dB
[2, 3, 2, 2, 3]
2
nearest device: Button 2, RSSI = -65
Scanning...
Button 1, RSSI = -68 dB
Button 2, RSSI = -73 dB
Button 3, RSSI = -57 dB
[2, 3, 2, 3, 3]
3
nearest device: Button 3, RSSI = -57
Scanning...
Button 2, RSSI = -70 dB
Button 3, RSSI = -53 dB
[2, 3, 2, 3, 3]
3
nearest device: Button 3, RSSI = -53
Scanning...
Button 3, RSSI = -60 dB
Button 1, RSSI = -68 dB
[3, 3, 2, 3, 3]
3
nearest device: Button 3, RSSI = -60
Scanning...
Button 2, RSSI = -61 dB
Button 3, RSSI = -58 dB
Button 1, RSSI = -65 dB
[3, 3, 2, 3, 3]
3
nearest device: Button 3, RSSI = -58
Scanning...
Button 1, RSSI = -67 dB
Button 2, RSSI = -61 dB
Button 3, RSSI = -55 dB
[3, 3, 3, 3, 3]
3
nearest device: Button 3, RSSI = -55
Scanning...
Button 1, RSSI = -71 dB
Button 2, RSSI = -55 dB
Button 3, RSSI = -55 dB
[3, 3, 3, 2, 3]
3
nearest device: Button 3, RSSI = -55
Scanning...
Button 2, RSSI = -55 dB
Button 1, RSSI = -73 dB
[3, 3, 3, 2, 2]
3
nearest device: Button 3, RSSI = -55
Scanning...
Button 3, RSSI = -56 dB
Button 1, RSSI = -68 dB
[3, 3, 3, 2, 2]
3
nearest device: Button 3, RSSI = -56
Scanning...
Button 2, RSSI = -61 dB
Button 3, RSSI = -56 dB
[3, 3, 3, 2, 2]
3
nearest device: Button 3, RSSI = -56
Scanning...
Button 1, RSSI = -68 dB
Button 2, RSSI = -60 dB
Button 3, RSSI = -55 dB
[3, 3, 3, 2, 2]
3
nearest device: Button 3, RSSI = -55
Scanning...
Button 2, RSSI = -57 dB
Button 3, RSSI = -57 dB
[3, 3, 3, 2, 2]
3
nearest device: Button 3, RSSI = -57
Scanning...
Button 2, RSSI = -57 dB
Button 1, RSSI = -66 dB
[3, 3, 3, 2, 2]
3
nearest device: Button 3, RSSI = -57
Scanning...
Button 3, RSSI = -56 dB
Button 1, RSSI = -64 dB
[3, 3, 3, 2, 2]
3
nearest device: Button 3, RSSI = -56
Scanning...
Button 2, RSSI = -62 dB
[3, 2, 3, 2, 2]
2
nearest device: Button 2, RSSI = -62
Scanning...
Button 1, RSSI = -71 dB
Button 2, RSSI = -57 dB
Button 3, RSSI = -56 dB
[3, 2, 3, 2, 2]
2
nearest device: Button 2, RSSI = -56
Scanning...
Button 1, RSSI = -74 dB
Button 2, RSSI = -57 dB
Button 3, RSSI = -65 dB
[3, 2, 3, 2, 2]
2
nearest device: Button 2, RSSI = -57
Scanning...
Button 3, RSSI = -56 dB
Button 1, RSSI = -69 dB
Button 2, RSSI = -57 dB
[3, 2, 3, 2, 3]
3
nearest device: Button 3, RSSI = -56
Scanning...
Button 2, RSSI = -55 dB
Button 3, RSSI = -60 dB
[2, 2, 3, 2, 3]
2
nearest device: Button 2, RSSI = -55
Scanning...
Button 2, RSSI = -54 dB
Button 3, RSSI = -57 dB
Button 1, RSSI = -73 dB
[2, 2, 3, 2, 3]
2
nearest device: Button 2, RSSI = -54
Scanning...
Button 3, RSSI = -57 dB
[2, 2, 3, 2, 3]
2
nearest device: Button 2, RSSI = -57
Scanning...
Button 2, RSSI = -55 dB
Button 3, RSSI = -57 dB
[2, 2, 3, 2, 3]
2
nearest device: Button 2, RSSI = -55
Scanning...
Button 2, RSSI = -62 dB
Button 3, RSSI = -56 dB
Button 1, RSSI = -69 dB
[2, 2, 3, 2, 3]
2
nearest device: Button 2, RSSI = -56
Scanning...
Button 2, RSSI = -55 dB
Button 3, RSSI = -62 dB
[2, 2, 3, 2, 3]
2
nearest device: Button 2, RSSI = -55
Scanning...
Button 1, RSSI = -79 dB
Button 2, RSSI = -54 dB
[2, 2, 3, 2, 3]
2
nearest device: Button 2, RSSI = -54
Scanning...
Button 2, RSSI = -61 dB
Button 3, RSSI = -57 dB
[2, 2, 3, 2, 3]
2
nearest device: Button 2, RSSI = -57
Scanning...
Button 2, RSSI = -68 dB
Button 3, RSSI = -72 dB
[2, 2, 3, 2, 3]
2
nearest device: Button 2, RSSI = -68
Scanning...
Button 2, RSSI = -62 dB
Button 3, RSSI = -55 dB
Button 1, RSSI = -76 dB
[2, 2, 3, 2, 3]
2
nearest device: Button 2, RSSI = -55
Scanning...
Button 2, RSSI = -62 dB
Button 3, RSSI = -57 dB
Button 1, RSSI = -64 dB
[3, 2, 3, 2, 3]
3
nearest device: Button 3, RSSI = -57
Scanning...
Button 3, RSSI = -54 dB
[3, 3, 3, 2, 3]
3
nearest device: Button 3, RSSI = -54
Scanning...
Button 1, RSSI = -78 dB
[3, 3, 1, 2, 3]
3
nearest device: Button 3, RSSI = -78
Scanning...
Button 3, RSSI = -56 dB
Button 1, RSSI = -72 dB
[3, 3, 1, 3, 3]
3
nearest device: Button 3, RSSI = -56
Scanning...
Button 2, RSSI = -73 dB
Button 3, RSSI = -67 dB
Button 1, RSSI = -66 dB
[3, 3, 1, 3, 1]
3
nearest device: Button 3, RSSI = -66
Scanning...
Button 2, RSSI = -54 dB
Button 3, RSSI = -56 dB
[2, 3, 1, 3, 1]
3
nearest device: Button 3, RSSI = -54
Scanning...
Button 2, RSSI = -56 dB
[2, 2, 1, 3, 1]
2
nearest device: Button 2, RSSI = -56
Scanning...
Button 1, RSSI = -69 dB
Button 3, RSSI = -59 dB
[2, 2, 3, 3, 1]
2
nearest device: Button 2, RSSI = -59
Scanning...
Button 2, RSSI = -65 dB
Button 1, RSSI = -71 dB
[2, 2, 3, 2, 1]
2
nearest device: Button 2, RSSI = -65
Scanning...
Button 3, RSSI = -57 dB
Button 2, RSSI = -56 dB
[2, 2, 3, 2, 2]
2
nearest device: Button 2, RSSI = -56
Scanning...
Button 2, RSSI = -56 dB
Button 3, RSSI = -62 dB
Button 1, RSSI = -75 dB
[2, 2, 3, 2, 2]
2
nearest device: Button 2, RSSI = -56
Scanning...
Button 1, RSSI = -64 dB
Button 2, RSSI = -65 dB
[2, 1, 3, 2, 2]
2
nearest device: Button 2, RSSI = -64
Scanning...
Button 1, RSSI = -67 dB
[2, 1, 1, 2, 2]
2
nearest device: Button 2, RSSI = -67
Scanning...
Button 2, RSSI = -60 dB
Button 3, RSSI = -57 dB
[2, 1, 1, 3, 2]
2
nearest device: Button 2, RSSI = -57
Scanning...
Button 2, RSSI = -61 dB
Button 3, RSSI = -51 dB
Button 1, RSSI = -67 dB
[2, 1, 1, 3, 3]
1
nearest device: Button 1, RSSI = -51
Scanning...
Button 1, RSSI = -69 dB
Button 2, RSSI = -70 dB
[1, 1, 1, 3, 3]
1
nearest device: Button 1, RSSI = -69
Scanning...
Button 1, RSSI = -63 dB
[1, 1, 1, 3, 3]
1
nearest device: Button 1, RSSI = -63
Scanning...
Button 1, RSSI = -62 dB
Button 2, RSSI = -64 dB
[1, 1, 1, 3, 3]
1
nearest device: Button 1, RSSI = -62
Scanning...
Button 2, RSSI = -59 dB
Button 3, RSSI = -57 dB
Button 1, RSSI = -66 dB
[1, 1, 1, 3, 3]
1
nearest device: Button 1, RSSI = -57
Scanning...
Button 2, RSSI = -58 dB
Button 3, RSSI = -58 dB
[1, 1, 1, 3, 2]
1
nearest device: Button 1, RSSI = -58
Scanning...
Button 2, RSSI = -56 dB
Button 3, RSSI = -59 dB
[2, 1, 1, 3, 2]
2
nearest device: Button 2, RSSI = -56
Scanning...
Button 1, RSSI = -71 dB
Button 3, RSSI = -57 dB
[2, 3, 1, 3, 2]
2
nearest device: Button 2, RSSI = -57
Scanning...
Button 2, RSSI = -59 dB
Button 3, RSSI = -54 dB
[2, 3, 3, 3, 2]
3
nearest device: Button 3, RSSI = -54
Scanning...
Button 2, RSSI = -55 dB
Button 3, RSSI = -57 dB
Button 1, RSSI = -66 dB
[2, 3, 3, 2, 2]
2
nearest device: Button 2, RSSI = -55
Scanning...
Button 2, RSSI = -55 dB
Button 3, RSSI = -54 dB
[2, 3, 3, 2, 3]
3
nearest device: Button 3, RSSI = -54
Scanning...
Button 1, RSSI = -66 dB
Button 2, RSSI = -59 dB
Button 3, RSSI = -60 dB
[2, 3, 3, 2, 3]
3
nearest device: Button 3, RSSI = -59
Scanning...
Button 1, RSSI = -67 dB
[2, 1, 3, 2, 3]
2
nearest device: Button 2, RSSI = -67
Scanning...
Button 2, RSSI = -60 dB
Button 3, RSSI = -54 dB
[2, 1, 3, 2, 3]
2
nearest device: Button 2, RSSI = -54
Scanning...
Button 2, RSSI = -59 dB
[2, 1, 3, 2, 3]
2
nearest device: Button 2, RSSI = -59
Scanning...
Button 2, RSSI = -63 dB
Button 3, RSSI = -58 dB
[2, 1, 3, 2, 3]
2
nearest device: Button 2, RSSI = -58
Scanning...
Button 1, RSSI = -66 dB
Button 3, RSSI = -59 dB
[3, 1, 3, 2, 3]
3
nearest device: Button 3, RSSI = -59
Scanning...
Button 2, RSSI = -57 dB
[3, 2, 3, 2, 3]
3
nearest device: Button 3, RSSI = -57
Scanning...
Button 3, RSSI = -51 dB
[3, 2, 3, 2, 3]
3
nearest device: Button 3, RSSI = -51
Scanning...
Button 2, RSSI = -54 dB
Button 3, RSSI = -51 dB
[3, 2, 3, 3, 3]
3
nearest device: Button 3, RSSI = -51
Scanning...
Button 2, RSSI = -54 dB
Button 3, RSSI = -51 dB
[3, 2, 3, 3, 3]
3
nearest device: Button 3, RSSI = -51
Scanning...
Button 2, RSSI = -55 dB
Button 3, RSSI = -59 dB
[2, 2, 3, 3, 3]
3
nearest device: Button 3, RSSI = -55
Scanning...
Button 3, RSSI = -57 dB
[2, 3, 3, 3, 3]
3
nearest device: Button 3, RSSI = -57
Scanning...
Button 3, RSSI = -50 dB
[2, 3, 3, 3, 3]
3
nearest device: Button 3, RSSI = -50
Scanning...
Button 2, RSSI = -61 dB
Button 3, RSSI = -59 dB
Button 1, RSSI = -68 dB
[2, 3, 3, 3, 3]
3
nearest device: Button 3, RSSI = -59
Scanning...
Button 2, RSSI = -54 dB
[2, 3, 3, 3, 2]